#
# There is insufficient memory for the Java Runtime Environment to continue.
# Native memory allocation (malloc) failed to allocate 1048576 bytes for AllocateHeap
# Possible reasons:
#   The system is out of physical RAM or swap space
#   The process is running with CompressedOops enabled, and the Java Heap may be blocking the growth of the native heap
# Possible solutions:
#   Reduce memory load on the system
#   Increase physical memory or swap space
#   Check if swap backing store is full
#   Decrease Java heap size (-Xmx/-Xms)
#   Decrease number of Java threads
#   Decrease Java thread stack sizes (-Xss)
#   Set larger code cache with -XX:ReservedCodeCacheSize=
#   JVM is running with Unscaled Compressed Oops mode in which the Java heap is
#     placed in the first 4GB address space. The Java Heap base address is the
#     maximum limit for the native heap growth. Please use -XX:HeapBaseMinAddress
#     to set the Java Heap base and to place the Java Heap above 4GB virtual address.
# This output file may be truncated or incomplete.
#
#  Out of Memory Error (./open/src/hotspot/share/memory/allocation.cpp:46), pid=14664, tid=5384
#
# JRE version: Java(TM) SE Runtime Environment 18.9 (11.0.8+10) (build 11.0.8+10-LTS)
# Java VM: Java HotSpot(TM) 64-Bit Server VM 18.9 (11.0.8+10-LTS, mixed mode, tiered, compressed oops, g1 gc, windows-amd64)
# No core dump will be written. Minidumps are not enabled by default on client versions of Windows
#

---------------  S U M M A R Y ------------

Command Line: -Dcom.sun.management.jmxremote -Dcom.sun.management.jmxremote.port=63074 -Dcom.sun.management.jmxremote.authenticate=false -Dcom.sun.management.jmxremote.ssl=false -Djava.rmi.server.hostname=localhost -Dspring.jmx.enabled=true -Dspring.application.admin.enabled=true -XX:TieredStopAtLevel=1 -Dspring.boot.project.name=project -Dfile.encoding=UTF-8 com.ayrton.project.ProjectApplication

Host: Intel(R) Core(TM) i3-3110M CPU @ 2.40GHz, 4 cores, 7G,  Windows 10 , 64 bit Build 18362 (10.0.18362.1500)
Time: Thu Jul 15 19:58:14 2021 Hora oficial do Brasil elapsed time: 2 seconds (0d 0h 0m 2s)

---------------  T H R E A D  ---------------

Current thread (0x000001993c14a800):  VMThread "VM Thread" [stack: 0x0000006e56000000,0x0000006e56100000] [id=5384]

Stack: [0x0000006e56000000,0x0000006e56100000]
[error occurred during error reporting (printing stack bounds), id 0xc0000005, EXCEPTION_ACCESS_VIOLATION (0xc0000005) at pc=0x0000019926120dad]

Native frames: (J=compiled Java code, j=interpreted, Vv=VM code, C=native code)
V  [jvm.dll+0x601aea]
V  [jvm.dll+0x737fef]
V  [jvm.dll+0x739675]
V  [jvm.dll+0x739c55]
V  [jvm.dll+0x739c0b]
V  [jvm.dll+0x6013d3]
V  [jvm.dll+0x601798]
C  [ntdll.dll+0xa1fff]
C  [ntdll.dll+0x6aad9]
C  [ntdll.dll+0xa0c6e]
C  0x0000019926120dad

VM_Operation (0x0000006e579fb3a0): CollectForMetadataAllocation, mode: safepoint, requested by thread 0x000001993d62f000


---------------  P R O C E S S  ---------------

Threads class SMR info:
_java_thread_list=0x000001993e3d45c0, length=22, elements={
0x000001991dd26000, 0x000001993c151000, 0x000001993c15c800, 0x000001993c167000,
0x000001993c168000, 0x000001993c169000, 0x000001993c9e4000, 0x000001993c108800,
0x000001993cb8a800, 0x000001993d1aa000, 0x000001993d1d5800, 0x000001993d1d6800,
0x000001993d595000, 0x000001993d5b0000, 0x000001993d5c4000, 0x000001993d5cc000,
0x000001993d5c6800, 0x000001993d5df800, 0x000001993d62a800, 0x000001993d62c000,
0x000001993d631000, 0x000001993d62f000
}

Java Threads: ( => current thread )
  0x000001991dd26000 JavaThread "main" [_thread_blocked, id=8256, stack(0x0000006e55a00000,0x0000006e55b00000)]
  0x000001993c151000 JavaThread "Reference Handler" daemon [_thread_blocked, id=16220, stack(0x0000006e56100000,0x0000006e56200000)]
  0x000001993c15c800 JavaThread "Finalizer" daemon [_thread_blocked, id=17576, stack(0x0000006e56200000,0x0000006e56300000)]
  0x000001993c167000 JavaThread "Signal Dispatcher" daemon [_thread_blocked, id=19436, stack(0x0000006e56300000,0x0000006e56400000)]
  0x000001993c168000 JavaThread "Attach Listener" daemon [_thread_blocked, id=13532, stack(0x0000006e56400000,0x0000006e56500000)]
  0x000001993c169000 JavaThread "C1 CompilerThread0" daemon [_thread_blocked, id=6384, stack(0x0000006e56500000,0x0000006e56600000)]
  0x000001993c9e4000 JavaThread "Sweeper thread" daemon [_thread_blocked, id=14864, stack(0x0000006e56600000,0x0000006e56700000)]
  0x000001993c108800 JavaThread "Common-Cleaner" daemon [_thread_blocked, id=5396, stack(0x0000006e56700000,0x0000006e56800000)]
  0x000001993cb8a800 JavaThread "Service Thread" daemon [_thread_blocked, id=11408, stack(0x0000006e56800000,0x0000006e56900000)]
  0x000001993d1aa000 JavaThread "RMI TCP Accept-0" daemon [_thread_in_native, id=4732, stack(0x0000006e56900000,0x0000006e56a00000)]
  0x000001993d1d5800 JavaThread "RMI TCP Accept-63074" daemon [_thread_in_native, id=17324, stack(0x0000006e56a00000,0x0000006e56b00000)]
  0x000001993d1d6800 JavaThread "RMI TCP Accept-0" daemon [_thread_in_native, id=19332, stack(0x0000006e56b00000,0x0000006e56c00000)]
  0x000001993d595000 JavaThread "RMI TCP Connection(1)-127.0.0.1" daemon [_thread_in_native, id=15348, stack(0x0000006e57000000,0x0000006e57100000)]
  0x000001993d5b0000 JavaThread "RMI TCP Connection(2)-127.0.0.1" daemon [_thread_in_native, id=17348, stack(0x0000006e57100000,0x0000006e57200000)]
  0x000001993d5c4000 JavaThread "RMI TCP Connection(3)-127.0.0.1" daemon [_thread_in_native, id=15068, stack(0x0000006e57200000,0x0000006e57300000)]
  0x000001993d5cc000 JavaThread "RMI Scheduler(0)" daemon [_thread_blocked, id=13004, stack(0x0000006e57300000,0x0000006e57400000)]
  0x000001993d5c6800 JavaThread "RMI TCP Connection(4)-127.0.0.1" daemon [_thread_in_native, id=3800, stack(0x0000006e57400000,0x0000006e57500000)]
  0x000001993d5df800 JavaThread "JMX server connection timeout 21" daemon [_thread_blocked, id=15312, stack(0x0000006e57500000,0x0000006e57600000)]
  0x000001993d62a800 JavaThread "JMX server connection timeout 22" daemon [_thread_blocked, id=16524, stack(0x0000006e57600000,0x0000006e57700000)]
  0x000001993d62c000 JavaThread "Thread-0" [_thread_blocked, id=8800, stack(0x0000006e57700000,0x0000006e57800000)]
  0x000001993d631000 JavaThread "restartedMain" [_thread_blocked, id=12840, stack(0x0000006e57800000,0x0000006e57900000)]
  0x000001993d62f000 JavaThread "background-preinit" [_thread_blocked, id=15612, stack(0x0000006e57900000,0x0000006e57a00000)]

Other Threads:
=>0x000001993c14a800 VMThread "VM Thread" [stack: 0x0000006e56000000,0x0000006e56100000] [id=5384]
  0x000001993d238000 WatcherThread [stack: 0x0000006e56c00000,0x0000006e56d00000] [id=12532]
  0x000001991dd3d800 GCTaskThread "GC Thread#0" [stack: 0x0000006e55b00000,0x0000006e55c00000] [id=18948]
  0x000001993d289800 GCTaskThread "GC Thread#1" [stack: 0x0000006e56d00000,0x0000006e56e00000] [id=3440]
  0x000001993d28a800 GCTaskThread "GC Thread#2" [stack: 0x0000006e56e00000,0x0000006e56f00000] [id=13264]
  0x000001993e3ed000 GCTaskThread "GC Thread#3" [stack: 0x0000006e57a00000,0x0000006e57b00000] [id=5476]
  0x000001991dd6d800 ConcurrentGCThread "G1 Main Marker" [stack: 0x0000006e55c00000,0x0000006e55d00000] [id=17132]
  0x000001991dd70000 ConcurrentGCThread "G1 Conc#0" [stack: 0x0000006e55d00000,0x0000006e55e00000] [id=8264]
  0x000001993bfbd800 ConcurrentGCThread "G1 Refine#0" [stack: 0x0000006e55e00000,0x0000006e55f00000] [id=17368]
  0x000001993cc94800 ConcurrentGCThread "G1 Refine#1" [stack: 0x0000006e56f00000,0x0000006e57000000] [id=9692]
  0x000001993bfbe000 ConcurrentGCThread "G1 Young RemSet Sampling" [stack: 0x0000006e55f00000,0x0000006e56000000] [id=16840]

Threads with active compile tasks:
C1 CompilerThread0   2368 2175       1       java.util.zip.ZipEntry::setExtra0 (402 bytes)

VM state:at safepoint (normal execution)

VM Mutex/Monitor currently owned by a thread:  ([mutex/lock_event])
[0x000001991dd22d20] Threads_lock - owner thread: 0x000001993c14a800
[0x000001991dd23350] Heap_lock - owner thread: 0x000001993d62f000

Heap address: 0x0000000081e00000, size: 2018 MB, Compressed Oops mode: 32-bit
Narrow klass base: 0x0000000000000000, Narrow klass shift: 3
Compressed class space size: 1073741824 Address: 0x0000000100000000

Heap:
 garbage-first heap   total 157696K, used 9925K [0x0000000081e00000, 0x0000000100000000)
  region size 1024K, 4 young (4096K), 4 survivors (4096K)
 Metaspace       used 23836K, capacity 24665K, committed 24704K, reserved 1085440K
  class space    used 2850K, capacity 3179K, committed 3200K, reserved 1048576K
Heap Regions: E=young(eden), S=young(survivor), O=old, HS=humongous(starts), HC=humongous(continues), CS=collection set, F=free, A=archive, TAMS=top-at-mark-start (previous, next)
|   0|0x0000000081e00000, 0x0000000081f00000, 0x0000000081f00000|100%|HS|  |TAMS 0x0000000081f00000, 0x0000000081f00000| Complete 
|   1|0x0000000081f00000, 0x0000000082000000, 0x0000000082000000|100%| O|  |TAMS 0x0000000082000000, 0x0000000082000000| Untracked 
|   2|0x0000000082000000, 0x0000000082100000, 0x0000000082100000|100%| O|  |TAMS 0x0000000082100000, 0x0000000082100000| Untracked 
|   3|0x0000000082100000, 0x0000000082200000, 0x0000000082200000|100%| O|  |TAMS 0x0000000082200000, 0x0000000082200000| Untracked 
|   4|0x0000000082200000, 0x0000000082300000, 0x0000000082300000|100%| O|  |TAMS 0x0000000082300000, 0x0000000082300000| Untracked 
|   5|0x0000000082300000, 0x0000000082400000, 0x0000000082400000|100%| O|  |TAMS 0x0000000082400000, 0x0000000082400000| Untracked 
|   6|0x0000000082400000, 0x000000008240ca00, 0x0000000082500000|  4%| O|  |TAMS 0x000000008240ca00, 0x000000008240ca00| Untracked 
|   7|0x0000000082500000, 0x0000000082500000, 0x0000000082600000|  0%| F|  |TAMS 0x0000000082500000, 0x0000000082500000| Untracked 
|   8|0x0000000082600000, 0x0000000082600000, 0x0000000082700000|  0%| F|  |TAMS 0x0000000082600000, 0x0000000082600000| Untracked 
|   9|0x0000000082700000, 0x0000000082700000, 0x0000000082800000|  0%| F|  |TAMS 0x0000000082700000, 0x0000000082700000| Untracked 
|  10|0x0000000082800000, 0x0000000082800000, 0x0000000082900000|  0%| F|  |TAMS 0x0000000082800000, 0x0000000082800000| Untracked 
|  11|0x0000000082900000, 0x0000000082900000, 0x0000000082a00000|  0%| F|  |TAMS 0x0000000082900000, 0x0000000082900000| Untracked 
|  12|0x0000000082a00000, 0x0000000082a00000, 0x0000000082b00000|  0%| F|  |TAMS 0x0000000082a00000, 0x0000000082a00000| Untracked 
|  13|0x0000000082b00000, 0x0000000082b00000, 0x0000000082c00000|  0%| F|  |TAMS 0x0000000082b00000, 0x0000000082b00000| Untracked 
|  14|0x0000000082c00000, 0x0000000082c00000, 0x0000000082d00000|  0%| F|  |TAMS 0x0000000082c00000, 0x0000000082c00000| Untracked 
|  15|0x0000000082d00000, 0x0000000082d00000, 0x0000000082e00000|  0%| F|  |TAMS 0x0000000082d00000, 0x0000000082d00000| Untracked 
|  16|0x0000000082e00000, 0x0000000082e00000, 0x0000000082f00000|  0%| F|  |TAMS 0x0000000082e00000, 0x0000000082e00000| Untracked 
|  17|0x0000000082f00000, 0x0000000082f00000, 0x0000000083000000|  0%| F|  |TAMS 0x0000000082f00000, 0x0000000082f00000| Untracked 
|  18|0x0000000083000000, 0x0000000083000000, 0x0000000083100000|  0%| F|  |TAMS 0x0000000083000000, 0x0000000083000000| Untracked 
|  19|0x0000000083100000, 0x0000000083100000, 0x0000000083200000|  0%| F|  |TAMS 0x0000000083100000, 0x0000000083100000| Untracked 
|  20|0x0000000083200000, 0x0000000083200000, 0x0000000083300000|  0%| F|  |TAMS 0x0000000083200000, 0x0000000083200000| Untracked 
|  21|0x0000000083300000, 0x0000000083300000, 0x0000000083400000|  0%| F|  |TAMS 0x0000000083300000, 0x0000000083300000| Untracked 
|  22|0x0000000083400000, 0x0000000083400000, 0x0000000083500000|  0%| F|  |TAMS 0x0000000083400000, 0x0000000083400000| Untracked 
|  23|0x0000000083500000, 0x0000000083500000, 0x0000000083600000|  0%| F|  |TAMS 0x0000000083500000, 0x0000000083500000| Untracked 
|  24|0x0000000083600000, 0x0000000083600000, 0x0000000083700000|  0%| F|  |TAMS 0x0000000083600000, 0x0000000083600000| Untracked 
|  25|0x0000000083700000, 0x0000000083700000, 0x0000000083800000|  0%| F|  |TAMS 0x0000000083700000, 0x0000000083700000| Untracked 
|  26|0x0000000083800000, 0x0000000083800000, 0x0000000083900000|  0%| F|  |TAMS 0x0000000083800000, 0x0000000083800000| Untracked 
|  27|0x0000000083900000, 0x0000000083900000, 0x0000000083a00000|  0%| F|  |TAMS 0x0000000083900000, 0x0000000083900000| Untracked 
|  28|0x0000000083a00000, 0x0000000083a00000, 0x0000000083b00000|  0%| F|  |TAMS 0x0000000083a00000, 0x0000000083a00000| Untracked 
|  29|0x0000000083b00000, 0x0000000083b00000, 0x0000000083c00000|  0%| F|  |TAMS 0x0000000083b00000, 0x0000000083b00000| Untracked 
|  30|0x0000000083c00000, 0x0000000083c00000, 0x0000000083d00000|  0%| F|  |TAMS 0x0000000083c00000, 0x0000000083c00000| Untracked 
|  31|0x0000000083d00000, 0x0000000083d00000, 0x0000000083e00000|  0%| F|  |TAMS 0x0000000083d00000, 0x0000000083d00000| Untracked 
|  32|0x0000000083e00000, 0x0000000083e00000, 0x0000000083f00000|  0%| F|  |TAMS 0x0000000083e00000, 0x0000000083e00000| Untracked 
|  33|0x0000000083f00000, 0x0000000083f00000, 0x0000000084000000|  0%| F|  |TAMS 0x0000000083f00000, 0x0000000083f00000| Untracked 
|  34|0x0000000084000000, 0x0000000084000000, 0x0000000084100000|  0%| F|  |TAMS 0x0000000084000000, 0x0000000084000000| Untracked 
|  35|0x0000000084100000, 0x0000000084100000, 0x0000000084200000|  0%| F|  |TAMS 0x0000000084100000, 0x0000000084100000| Untracked 
|  36|0x0000000084200000, 0x0000000084200000, 0x0000000084300000|  0%| F|  |TAMS 0x0000000084200000, 0x0000000084200000| Untracked 
|  37|0x0000000084300000, 0x0000000084300000, 0x0000000084400000|  0%| F|  |TAMS 0x0000000084300000, 0x0000000084300000| Untracked 
|  38|0x0000000084400000, 0x0000000084400000, 0x0000000084500000|  0%| F|  |TAMS 0x0000000084400000, 0x0000000084400000| Untracked 
|  39|0x0000000084500000, 0x0000000084500000, 0x0000000084600000|  0%| F|  |TAMS 0x0000000084500000, 0x0000000084500000| Untracked 
|  40|0x0000000084600000, 0x0000000084600000, 0x0000000084700000|  0%| F|  |TAMS 0x0000000084600000, 0x0000000084600000| Untracked 
|  41|0x0000000084700000, 0x0000000084700000, 0x0000000084800000|  0%| F|  |TAMS 0x0000000084700000, 0x0000000084700000| Untracked 
|  42|0x0000000084800000, 0x0000000084800000, 0x0000000084900000|  0%| F|  |TAMS 0x0000000084800000, 0x0000000084800000| Untracked 
|  43|0x0000000084900000, 0x0000000084900000, 0x0000000084a00000|  0%| F|  |TAMS 0x0000000084900000, 0x0000000084900000| Untracked 
|  44|0x0000000084a00000, 0x0000000084a00000, 0x0000000084b00000|  0%| F|  |TAMS 0x0000000084a00000, 0x0000000084a00000| Untracked 
|  45|0x0000000084b00000, 0x0000000084b00000, 0x0000000084c00000|  0%| F|  |TAMS 0x0000000084b00000, 0x0000000084b00000| Untracked 
|  46|0x0000000084c00000, 0x0000000084c00000, 0x0000000084d00000|  0%| F|  |TAMS 0x0000000084c00000, 0x0000000084c00000| Untracked 
|  47|0x0000000084d00000, 0x0000000084d00000, 0x0000000084e00000|  0%| F|  |TAMS 0x0000000084d00000, 0x0000000084d00000| Untracked 
|  48|0x0000000084e00000, 0x0000000084e00000, 0x0000000084f00000|  0%| F|  |TAMS 0x0000000084e00000, 0x0000000084e00000| Untracked 
|  49|0x0000000084f00000, 0x0000000084f00000, 0x0000000085000000|  0%| F|  |TAMS 0x0000000084f00000, 0x0000000084f00000| Untracked 
|  50|0x0000000085000000, 0x0000000085000000, 0x0000000085100000|  0%| F|  |TAMS 0x0000000085000000, 0x0000000085000000| Untracked 
|  51|0x0000000085100000, 0x0000000085100000, 0x0000000085200000|  0%| F|  |TAMS 0x0000000085100000, 0x0000000085100000| Untracked 
|  52|0x0000000085200000, 0x0000000085200000, 0x0000000085300000|  0%| F|  |TAMS 0x0000000085200000, 0x0000000085200000| Untracked 
|  53|0x0000000085300000, 0x0000000085300000, 0x0000000085400000|  0%| F|  |TAMS 0x0000000085300000, 0x0000000085300000| Untracked 
|  54|0x0000000085400000, 0x0000000085400000, 0x0000000085500000|  0%| F|  |TAMS 0x0000000085400000, 0x0000000085400000| Untracked 
|  55|0x0000000085500000, 0x0000000085500000, 0x0000000085600000|  0%| F|  |TAMS 0x0000000085500000, 0x0000000085500000| Untracked 
|  56|0x0000000085600000, 0x0000000085600000, 0x0000000085700000|  0%| F|  |TAMS 0x0000000085600000, 0x0000000085600000| Untracked 
|  57|0x0000000085700000, 0x0000000085700000, 0x0000000085800000|  0%| F|  |TAMS 0x0000000085700000, 0x0000000085700000| Untracked 
|  58|0x0000000085800000, 0x0000000085800000, 0x0000000085900000|  0%| F|  |TAMS 0x0000000085800000, 0x0000000085800000| Untracked 
|  59|0x0000000085900000, 0x0000000085900000, 0x0000000085a00000|  0%| F|  |TAMS 0x0000000085900000, 0x0000000085900000| Untracked 
|  60|0x0000000085a00000, 0x0000000085a00000, 0x0000000085b00000|  0%| F|  |TAMS 0x0000000085a00000, 0x0000000085a00000| Untracked 
|  61|0x0000000085b00000, 0x0000000085b00000, 0x0000000085c00000|  0%| F|  |TAMS 0x0000000085b00000, 0x0000000085b00000| Untracked 
|  62|0x0000000085c00000, 0x0000000085c00000, 0x0000000085d00000|  0%| F|  |TAMS 0x0000000085c00000, 0x0000000085c00000| Untracked 
|  63|0x0000000085d00000, 0x0000000085d00000, 0x0000000085e00000|  0%| F|  |TAMS 0x0000000085d00000, 0x0000000085d00000| Untracked 
|  64|0x0000000085e00000, 0x0000000085e00000, 0x0000000085f00000|  0%| F|  |TAMS 0x0000000085e00000, 0x0000000085e00000| Untracked 
|  65|0x0000000085f00000, 0x0000000085f00000, 0x0000000086000000|  0%| F|  |TAMS 0x0000000085f00000, 0x0000000085f00000| Untracked 
|  66|0x0000000086000000, 0x0000000086000000, 0x0000000086100000|  0%| F|  |TAMS 0x0000000086000000, 0x0000000086000000| Untracked 
|  67|0x0000000086100000, 0x0000000086100000, 0x0000000086200000|  0%| F|  |TAMS 0x0000000086100000, 0x0000000086100000| Untracked 
|  68|0x0000000086200000, 0x0000000086200000, 0x0000000086300000|  0%| F|  |TAMS 0x0000000086200000, 0x0000000086200000| Untracked 
|  69|0x0000000086300000, 0x0000000086300000, 0x0000000086400000|  0%| F|  |TAMS 0x0000000086300000, 0x0000000086300000| Untracked 
|  70|0x0000000086400000, 0x0000000086400000, 0x0000000086500000|  0%| F|  |TAMS 0x0000000086400000, 0x0000000086400000| Untracked 
|  71|0x0000000086500000, 0x0000000086500000, 0x0000000086600000|  0%| F|  |TAMS 0x0000000086500000, 0x0000000086500000| Untracked 
|  72|0x0000000086600000, 0x0000000086600000, 0x0000000086700000|  0%| F|  |TAMS 0x0000000086600000, 0x0000000086600000| Untracked 
|  73|0x0000000086700000, 0x0000000086700000, 0x0000000086800000|  0%| F|  |TAMS 0x0000000086700000, 0x0000000086700000| Untracked 
|  74|0x0000000086800000, 0x0000000086800000, 0x0000000086900000|  0%| F|  |TAMS 0x0000000086800000, 0x0000000086800000| Untracked 
|  75|0x0000000086900000, 0x0000000086900000, 0x0000000086a00000|  0%| F|  |TAMS 0x0000000086900000, 0x0000000086900000| Untracked 
|  76|0x0000000086a00000, 0x0000000086a00000, 0x0000000086b00000|  0%| F|  |TAMS 0x0000000086a00000, 0x0000000086a00000| Untracked 
|  77|0x0000000086b00000, 0x0000000086b00000, 0x0000000086c00000|  0%| F|  |TAMS 0x0000000086b00000, 0x0000000086b00000| Untracked 
|  78|0x0000000086c00000, 0x0000000086c00000, 0x0000000086d00000|  0%| F|  |TAMS 0x0000000086c00000, 0x0000000086c00000| Untracked 
|  79|0x0000000086d00000, 0x0000000086d00000, 0x0000000086e00000|  0%| F|  |TAMS 0x0000000086d00000, 0x0000000086d00000| Untracked 
|  80|0x0000000086e00000, 0x0000000086e00000, 0x0000000086f00000|  0%| F|  |TAMS 0x0000000086e00000, 0x0000000086e00000| Untracked 
|  81|0x0000000086f00000, 0x0000000086f00000, 0x0000000087000000|  0%| F|  |TAMS 0x0000000086f00000, 0x0000000086f00000| Untracked 
|  82|0x0000000087000000, 0x0000000087000000, 0x0000000087100000|  0%| F|  |TAMS 0x0000000087000000, 0x0000000087000000| Untracked 
|  83|0x0000000087100000, 0x0000000087100000, 0x0000000087200000|  0%| F|  |TAMS 0x0000000087100000, 0x0000000087100000| Untracked 
|  84|0x0000000087200000, 0x0000000087200000, 0x0000000087300000|  0%| F|  |TAMS 0x0000000087200000, 0x0000000087200000| Untracked 
|  85|0x0000000087300000, 0x0000000087300000, 0x0000000087400000|  0%| F|  |TAMS 0x0000000087300000, 0x0000000087300000| Untracked 
|  86|0x0000000087400000, 0x0000000087400000, 0x0000000087500000|  0%| F|  |TAMS 0x0000000087400000, 0x0000000087400000| Untracked 
|  87|0x0000000087500000, 0x0000000087500000, 0x0000000087600000|  0%| F|  |TAMS 0x0000000087500000, 0x0000000087500000| Untracked 
|  88|0x0000000087600000, 0x0000000087600000, 0x0000000087700000|  0%| F|  |TAMS 0x0000000087600000, 0x0000000087600000| Untracked 
|  89|0x0000000087700000, 0x0000000087700000, 0x0000000087800000|  0%| F|  |TAMS 0x0000000087700000, 0x0000000087700000| Untracked 
|  90|0x0000000087800000, 0x0000000087800000, 0x0000000087900000|  0%| F|  |TAMS 0x0000000087800000, 0x0000000087800000| Untracked 
|  91|0x0000000087900000, 0x0000000087900000, 0x0000000087a00000|  0%| F|  |TAMS 0x0000000087900000, 0x0000000087900000| Untracked 
|  92|0x0000000087a00000, 0x0000000087a00000, 0x0000000087b00000|  0%| F|  |TAMS 0x0000000087a00000, 0x0000000087a00000| Untracked 
|  93|0x0000000087b00000, 0x0000000087b00000, 0x0000000087c00000|  0%| F|  |TAMS 0x0000000087b00000, 0x0000000087b00000| Untracked 
|  94|0x0000000087c00000, 0x0000000087c00000, 0x0000000087d00000|  0%| F|  |TAMS 0x0000000087c00000, 0x0000000087c00000| Untracked 
|  95|0x0000000087d00000, 0x0000000087d00000, 0x0000000087e00000|  0%| F|  |TAMS 0x0000000087d00000, 0x0000000087d00000| Untracked 
|  96|0x0000000087e00000, 0x0000000087e00000, 0x0000000087f00000|  0%| F|  |TAMS 0x0000000087e00000, 0x0000000087e00000| Untracked 
|  97|0x0000000087f00000, 0x0000000087f00000, 0x0000000088000000|  0%| F|  |TAMS 0x0000000087f00000, 0x0000000087f00000| Untracked 
|  98|0x0000000088000000, 0x0000000088000000, 0x0000000088100000|  0%| F|  |TAMS 0x0000000088000000, 0x0000000088000000| Untracked 
|  99|0x0000000088100000, 0x0000000088100000, 0x0000000088200000|  0%| F|  |TAMS 0x0000000088100000, 0x0000000088100000| Untracked 
| 100|0x0000000088200000, 0x0000000088200000, 0x0000000088300000|  0%| F|  |TAMS 0x0000000088200000, 0x0000000088200000| Untracked 
| 101|0x0000000088300000, 0x0000000088300000, 0x0000000088400000|  0%| F|  |TAMS 0x0000000088300000, 0x0000000088300000| Untracked 
| 102|0x0000000088400000, 0x0000000088400000, 0x0000000088500000|  0%| F|  |TAMS 0x0000000088400000, 0x0000000088400000| Untracked 
| 103|0x0000000088500000, 0x0000000088500000, 0x0000000088600000|  0%| F|  |TAMS 0x0000000088500000, 0x0000000088500000| Untracked 
| 104|0x0000000088600000, 0x0000000088600000, 0x0000000088700000|  0%| F|  |TAMS 0x0000000088600000, 0x0000000088600000| Untracked 
| 105|0x0000000088700000, 0x0000000088700000, 0x0000000088800000|  0%| F|  |TAMS 0x0000000088700000, 0x0000000088700000| Untracked 
| 106|0x0000000088800000, 0x0000000088800000, 0x0000000088900000|  0%| F|  |TAMS 0x0000000088800000, 0x0000000088800000| Untracked 
| 107|0x0000000088900000, 0x0000000088900000, 0x0000000088a00000|  0%| F|  |TAMS 0x0000000088900000, 0x0000000088900000| Untracked 
| 108|0x0000000088a00000, 0x0000000088a00000, 0x0000000088b00000|  0%| F|  |TAMS 0x0000000088a00000, 0x0000000088a00000| Untracked 
| 109|0x0000000088b00000, 0x0000000088b00000, 0x0000000088c00000|  0%| F|  |TAMS 0x0000000088b00000, 0x0000000088b00000| Untracked 
| 110|0x0000000088c00000, 0x0000000088c00000, 0x0000000088d00000|  0%| F|  |TAMS 0x0000000088c00000, 0x0000000088c00000| Untracked 
| 111|0x0000000088d00000, 0x0000000088d00000, 0x0000000088e00000|  0%| F|  |TAMS 0x0000000088d00000, 0x0000000088d00000| Untracked 
| 112|0x0000000088e00000, 0x0000000088e00000, 0x0000000088f00000|  0%| F|  |TAMS 0x0000000088e00000, 0x0000000088e00000| Untracked 
| 113|0x0000000088f00000, 0x0000000088f00000, 0x0000000089000000|  0%| F|  |TAMS 0x0000000088f00000, 0x0000000088f00000| Untracked 
| 114|0x0000000089000000, 0x0000000089000000, 0x0000000089100000|  0%| F|  |TAMS 0x0000000089000000, 0x0000000089000000| Untracked 
| 115|0x0000000089100000, 0x0000000089100000, 0x0000000089200000|  0%| F|  |TAMS 0x0000000089100000, 0x0000000089100000| Untracked 
| 116|0x0000000089200000, 0x0000000089200000, 0x0000000089300000|  0%| F|  |TAMS 0x0000000089200000, 0x0000000089200000| Untracked 
| 117|0x0000000089300000, 0x0000000089300000, 0x0000000089400000|  0%| F|  |TAMS 0x0000000089300000, 0x0000000089300000| Untracked 
| 118|0x0000000089400000, 0x0000000089400000, 0x0000000089500000|  0%| F|  |TAMS 0x0000000089400000, 0x0000000089400000| Untracked 
| 119|0x0000000089500000, 0x0000000089500000, 0x0000000089600000|  0%| F|  |TAMS 0x0000000089500000, 0x0000000089500000| Untracked 
| 120|0x0000000089600000, 0x0000000089600000, 0x0000000089700000|  0%| F|  |TAMS 0x0000000089600000, 0x0000000089600000| Untracked 
| 121|0x0000000089700000, 0x0000000089700000, 0x0000000089800000|  0%| F|  |TAMS 0x0000000089700000, 0x0000000089700000| Untracked 
| 122|0x0000000089800000, 0x0000000089800000, 0x0000000089900000|  0%| F|  |TAMS 0x0000000089800000, 0x0000000089800000| Untracked 
| 123|0x0000000089900000, 0x0000000089900000, 0x0000000089a00000|  0%| F|  |TAMS 0x0000000089900000, 0x0000000089900000| Untracked 
| 124|0x0000000089a00000, 0x0000000089a00000, 0x0000000089b00000|  0%| F|  |TAMS 0x0000000089a00000, 0x0000000089a00000| Untracked 
| 125|0x0000000089b00000, 0x0000000089b00000, 0x0000000089c00000|  0%| F|  |TAMS 0x0000000089b00000, 0x0000000089b00000| Untracked 
| 126|0x0000000089c00000, 0x0000000089c00000, 0x0000000089d00000|  0%| F|  |TAMS 0x0000000089c00000, 0x0000000089c00000| Untracked 
| 127|0x0000000089d00000, 0x0000000089d00000, 0x0000000089e00000|  0%| F|  |TAMS 0x0000000089d00000, 0x0000000089d00000| Untracked 
| 128|0x0000000089e00000, 0x0000000089e00000, 0x0000000089f00000|  0%| F|  |TAMS 0x0000000089e00000, 0x0000000089e00000| Untracked 
| 129|0x0000000089f00000, 0x0000000089fa4d08, 0x000000008a000000| 64%| S|CS|TAMS 0x0000000089f00000, 0x0000000089f00000| Complete 
| 130|0x000000008a000000, 0x000000008a100000, 0x000000008a100000|100%| S|CS|TAMS 0x000000008a000000, 0x000000008a000000| Complete 
| 131|0x000000008a100000, 0x000000008a200000, 0x000000008a200000|100%| S|CS|TAMS 0x000000008a100000, 0x000000008a100000| Complete 
| 132|0x000000008a200000, 0x000000008a300000, 0x000000008a300000|100%| S|CS|TAMS 0x000000008a200000, 0x000000008a200000| Complete 
| 133|0x000000008a300000, 0x000000008a300000, 0x000000008a400000|  0%| F|  |TAMS 0x000000008a300000, 0x000000008a300000| Untracked 
| 134|0x000000008a400000, 0x000000008a400000, 0x000000008a500000|  0%| F|  |TAMS 0x000000008a400000, 0x000000008a400000| Untracked 
| 135|0x000000008a500000, 0x000000008a500000, 0x000000008a600000|  0%| F|  |TAMS 0x000000008a500000, 0x000000008a500000| Untracked 
| 136|0x000000008a600000, 0x000000008a600000, 0x000000008a700000|  0%| F|  |TAMS 0x000000008a600000, 0x000000008a600000| Untracked 
| 137|0x000000008a700000, 0x000000008a700000, 0x000000008a800000|  0%| F|  |TAMS 0x000000008a700000, 0x000000008a700000| Untracked 
| 138|0x000000008a800000, 0x000000008a800000, 0x000000008a900000|  0%| F|  |TAMS 0x000000008a800000, 0x000000008a800000| Untracked 
| 139|0x000000008a900000, 0x000000008a900000, 0x000000008aa00000|  0%| F|  |TAMS 0x000000008a900000, 0x000000008a900000| Untracked 
| 140|0x000000008aa00000, 0x000000008aa00000, 0x000000008ab00000|  0%| F|  |TAMS 0x000000008aa00000, 0x000000008aa00000| Untracked 
| 141|0x000000008ab00000, 0x000000008ab00000, 0x000000008ac00000|  0%| F|  |TAMS 0x000000008ab00000, 0x000000008ab00000| Untracked 
| 142|0x000000008ac00000, 0x000000008ac00000, 0x000000008ad00000|  0%| F|  |TAMS 0x000000008ac00000, 0x000000008ac00000| Untracked 
| 143|0x000000008ad00000, 0x000000008ad00000, 0x000000008ae00000|  0%| F|  |TAMS 0x000000008ad00000, 0x000000008ad00000| Untracked 
| 144|0x000000008ae00000, 0x000000008ae00000, 0x000000008af00000|  0%| F|  |TAMS 0x000000008ae00000, 0x000000008ae00000| Untracked 
| 145|0x000000008af00000, 0x000000008af00000, 0x000000008b000000|  0%| F|  |TAMS 0x000000008af00000, 0x000000008af00000| Untracked 
| 146|0x000000008b000000, 0x000000008b000000, 0x000000008b100000|  0%| F|  |TAMS 0x000000008b000000, 0x000000008b000000| Untracked 
| 147|0x000000008b100000, 0x000000008b100000, 0x000000008b200000|  0%| F|  |TAMS 0x000000008b100000, 0x000000008b100000| Untracked 
| 148|0x000000008b200000, 0x000000008b200000, 0x000000008b300000|  0%| F|  |TAMS 0x000000008b200000, 0x000000008b200000| Untracked 
| 149|0x000000008b300000, 0x000000008b300000, 0x000000008b400000|  0%| F|  |TAMS 0x000000008b300000, 0x000000008b300000| Untracked 
| 150|0x000000008b400000, 0x000000008b400000, 0x000000008b500000|  0%| F|  |TAMS 0x000000008b400000, 0x000000008b400000| Untracked 
| 151|0x000000008b500000, 0x000000008b500000, 0x000000008b600000|  0%| F|  |TAMS 0x000000008b500000, 0x000000008b500000| Untracked 
| 152|0x000000008b600000, 0x000000008b600000, 0x000000008b700000|  0%| F|  |TAMS 0x000000008b600000, 0x000000008b600000| Untracked 
| 153|0x000000008b700000, 0x000000008b700000, 0x000000008b800000|  0%| F|  |TAMS 0x000000008b700000, 0x000000008b700000| Untracked 

Card table byte_map: [0x0000019935520000,0x0000019935920000] _byte_map_base: 0x0000019935111000

Marking Bits (Prev, Next): (CMBitMap*) 0x000001991dd64d80, (CMBitMap*) 0x000001991dd64d48
 Prev Bits: [0x0000019937cb0000, 0x0000019939c38000)
 Next Bits: [0x0000019935d20000, 0x0000019937ca8000)

Polling page: 0x000001991d4f0000

Metaspace:

Usage:
  Non-class:     20.98 MB capacity,    20.49 MB ( 98%) used,   413.76 KB (  2%) free+waste,    85.88 KB ( <1%) overhead. 
      Class:      3.10 MB capacity,     2.78 MB ( 90%) used,   284.22 KB (  9%) free+waste,    44.25 KB (  1%) overhead. 
       Both:     24.09 MB capacity,    23.28 MB ( 97%) used,   697.98 KB (  3%) free+waste,   130.13 KB ( <1%) overhead. 

Virtual space:
  Non-class space:       36.00 MB reserved,      21.00 MB ( 58%) committed 
      Class space:        1.00 GB reserved,       3.13 MB ( <1%) committed 
             Both:        1.04 GB reserved,      24.13 MB (  2%) committed 

Chunk freelists:
   Non-Class:  2.25 KB
       Class:  2.63 KB
        Both:  4.88 KB

CodeHeap 'non-profiled nmethods': size=238912Kb used=3154Kb max_used=3154Kb free=235757Kb
 bounds [0x00000199267d0000, 0x0000019926af0000, 0x0000019935120000]
CodeHeap 'non-nmethods': size=6848Kb used=1146Kb max_used=1146Kb free=5701Kb
 bounds [0x0000019926120000, 0x0000019926390000, 0x00000199267d0000]
 total_blobs=2625 nmethods=2157 adapters=394
 compilation: enabled
              stopped_count=0, restarted_count=0
 full_count=0

Compilation events (10 events):
Event: 2.326 Thread 0x000001993c169000 nmethod 2170 0x0000019926ae3790 code [0x0000019926ae3920, 0x0000019926ae3a58]
Event: 2.326 Thread 0x000001993c169000 2171       1       java.util.regex.Pattern::lambda$Single$8 (11 bytes)
Event: 2.326 Thread 0x000001993c169000 nmethod 2171 0x0000019926ae3b10 code [0x0000019926ae3ca0, 0x0000019926ae3db8]
Event: 2.326 Thread 0x000001993c169000 2172       1       java.util.regex.Pattern$BmpCharPredicate$$Lambda$82/0x0000000100123840::is (13 bytes)
Event: 2.326 Thread 0x000001993c169000 nmethod 2172 0x0000019926ae3e10 code [0x0000019926ae3fc0, 0x0000019926ae41c0]
Event: 2.326 Thread 0x000001993c169000 2174       1       java.util.Formatter$Flags::valueOf (5 bytes)
Event: 2.326 Thread 0x000001993c169000 nmethod 2174 0x0000019926ae4310 code [0x0000019926ae44a0, 0x0000019926ae45b8]
Event: 2.326 Thread 0x000001993c169000 2173       1       java.util.regex.Pattern$BmpCharPredicate::lambda$union$2 (26 bytes)
Event: 2.326 Thread 0x000001993c169000 nmethod 2173 0x0000019926ae4610 code [0x0000019926ae47c0, 0x0000019926ae4960]
Event: 2.337 Thread 0x000001993c169000 2175       1       java.util.zip.ZipEntry::setExtra0 (402 bytes)

GC Heap History (10 events):
Event: 1.283 GC heap before
{Heap before GC invocations=1 (full 0):
 garbage-first heap   total 131072K, used 10196K [0x0000000081e00000, 0x0000000100000000)
  region size 1024K, 6 young (6144K), 2 survivors (2048K)
 Metaspace       used 13464K, capacity 13841K, committed 14208K, reserved 1062912K
  class space    used 1420K, capacity 1537K, committed 1664K, reserved 1048576K
}
Event: 1.288 GC heap after
{Heap after GC invocations=2 (full 0):
 garbage-first heap   total 131072K, used 6895K [0x0000000081e00000, 0x0000000100000000)
  region size 1024K, 1 young (1024K), 1 survivors (1024K)
 Metaspace       used 13464K, capacity 13841K, committed 14208K, reserved 1062912K
  class space    used 1420K, capacity 1537K, committed 1664K, reserved 1048576K
}
Event: 1.511 GC heap before
{Heap before GC invocations=2 (full 0):
 garbage-first heap   total 131072K, used 26351K [0x0000000081e00000, 0x0000000100000000)
  region size 1024K, 21 young (21504K), 1 survivors (1024K)
 Metaspace       used 15781K, capacity 16268K, committed 16512K, reserved 1064960K
  class space    used 1738K, capacity 1915K, committed 1920K, reserved 1048576K
}
Event: 1.515 GC heap after
{Heap after GC invocations=3 (full 0):
 garbage-first heap   total 131072K, used 7931K [0x0000000081e00000, 0x0000000100000000)
  region size 1024K, 2 young (2048K), 2 survivors (2048K)
 Metaspace       used 15781K, capacity 16268K, committed 16512K, reserved 1064960K
  class space    used 1738K, capacity 1915K, committed 1920K, reserved 1048576K
}
Event: 1.532 GC heap before
{Heap before GC invocations=3 (full 0):
 garbage-first heap   total 131072K, used 37627K [0x0000000081e00000, 0x0000000100000000)
  region size 1024K, 32 young (32768K), 2 survivors (2048K)
 Metaspace       used 15784K, capacity 16268K, committed 16512K, reserved 1064960K
  class space    used 1738K, capacity 1915K, committed 1920K, reserved 1048576K
}
Event: 1.536 GC heap after
{Heap after GC invocations=4 (full 0):
 garbage-first heap   total 131072K, used 7832K [0x0000000081e00000, 0x0000000100000000)
  region size 1024K, 2 young (2048K), 2 survivors (2048K)
 Metaspace       used 15784K, capacity 16268K, committed 16512K, reserved 1064960K
  class space    used 1738K, capacity 1915K, committed 1920K, reserved 1048576K
}
Event: 2.093 GC heap before
{Heap before GC invocations=4 (full 0):
 garbage-first heap   total 131072K, used 41624K [0x0000000081e00000, 0x0000000100000000)
  region size 1024K, 37 young (37888K), 2 survivors (2048K)
 Metaspace       used 20427K, capacity 21136K, committed 21248K, reserved 1067008K
  class space    used 2420K, capacity 2725K, committed 2816K, reserved 1048576K
}
Event: 2.100 GC heap after
{Heap after GC invocations=5 (full 0):
 garbage-first heap   total 157696K, used 9561K [0x0000000081e00000, 0x0000000100000000)
  region size 1024K, 4 young (4096K), 4 survivors (4096K)
 Metaspace       used 20427K, capacity 21136K, committed 21248K, reserved 1067008K
  class space    used 2420K, capacity 2725K, committed 2816K, reserved 1048576K
}
Event: 2.339 GC heap before
{Heap before GC invocations=6 (full 0):
 garbage-first heap   total 157696K, used 29017K [0x0000000081e00000, 0x0000000100000000)
  region size 1024K, 25 young (25600K), 4 survivors (4096K)
 Metaspace       used 23836K, capacity 24665K, committed 24704K, reserved 1083392K
  class space    used 2850K, capacity 3179K, committed 3200K, reserved 1048576K
}
Event: 2.347 GC heap after
{Heap after GC invocations=7 (full 0):
 garbage-first heap   total 157696K, used 9925K [0x0000000081e00000, 0x0000000100000000)
  region size 1024K, 4 young (4096K), 4 survivors (4096K)
 Metaspace       used 23836K, capacity 24665K, committed 24704K, reserved 1083392K
  class space    used 2850K, capacity 3179K, committed 3200K, reserved 1048576K
}

Deoptimization events (0 events):
No events

Classes redefined (0 events):
No events

Internal exceptions (10 events):
Event: 2.005 Thread 0x000001993d5c6800 Exception <a 'java/lang/reflect/InvocationTargetException'{0x00000000898b4270}> (0x00000000898b4270) thrown at [./open/src/hotspot/share/runtime/reflection.cpp, line 1242]
Event: 2.010 Thread 0x000001993d631000 Exception <a 'java/lang/NoSuchMethodError'{0x00000000882ceb50}: java.lang.invoke.DirectMethodHandle$Holder.invokeVirtual(Ljava/lang/Object;Ljava/lang/Object;Ljava/lang/Object;Ljava/lang/Object;)V> (0x00000000882ceb50) thrown at [./open/src/hotspot/share/i
Event: 2.051 Thread 0x000001993d631000 Exception <a 'java/lang/NoSuchMethodError'{0x0000000087f243f8}: java.lang.invoke.DirectMethodHandle$Holder.invokeSpecial(Ljava/lang/Object;Ljava/lang/Object;Ljava/lang/Object;Ljava/lang/Object;Ljava/lang/Object;)V> (0x0000000087f243f8) thrown at [./open/s
Event: 2.057 Thread 0x000001993d62f000 Exception <a 'java/lang/NoClassDefFoundError'{0x0000000087f8a658}: javax/validation/Validation> (0x0000000087f8a658) thrown at [./open/src/hotspot/share/classfile/systemDictionary.cpp, line 217]
Event: 2.089 Thread 0x000001993d62f000 Exception <a 'java/lang/NoSuchMethodError'{0x0000000087949560}: java.lang.invoke.DirectMethodHandle$Holder.invokeStaticInit(Ljava/lang/Object;Ljava/lang/Object;Ljava/lang/Object;Ljava/lang/Object;Ljava/lang/Object;)Ljava/lang/Object;> (0x0000000087949560)
Event: 2.108 Thread 0x000001993d5c6800 Exception <a 'java/security/PrivilegedActionException'{0x000000008b7fae20}> (0x000000008b7fae20) thrown at [./open/src/hotspot/share/prims/jvm.cpp, line 1296]
Event: 2.108 Thread 0x000001993d5c6800 Exception <a 'java/lang/reflect/InvocationTargetException'{0x000000008b7fb0f0}> (0x000000008b7fb0f0) thrown at [./open/src/hotspot/share/runtime/reflection.cpp, line 1242]
Event: 2.111 Thread 0x000001993d62f000 Exception <a 'java/lang/NoSuchMethodError'{0x000000008b60d3b0}: java.lang.invoke.DirectMethodHandle$Holder.invokeSpecial(Ljava/lang/Object;Ljava/lang/Object;IILjava/lang/Object;Ljava/lang/Object;Ljava/lang/Object;)Ljava/lang/Object;> (0x000000008b60d3b0) 
Event: 2.111 Thread 0x000001993d62f000 Exception <a 'java/lang/NoSuchMethodError'{0x000000008b610938}: java.lang.invoke.DelegatingMethodHandle$Holder.reinvoke_L(Ljava/lang/Object;IILjava/lang/Object;Ljava/lang/Object;Ljava/lang/Object;)Ljava/lang/Object;> (0x000000008b610938) thrown at [./open
Event: 2.236 Thread 0x000001993d631000 Exception <a 'java/lang/NoSuchMethodError'{0x000000008aea3908}: org.slf4j.impl.StaticMDCBinder.getSingleton()Lorg/slf4j/impl/StaticMDCBinder;> (0x000000008aea3908) thrown at [./open/src/hotspot/share/interpreter/linkResolver.cpp, line 772]

Events (10 events):
Event: 2.337 loading class org/springframework/beans/factory/config/BeanExpressionContext done
Event: 2.338 loading class org/springframework/context/ApplicationEventPublisherAware
Event: 2.338 loading class org/springframework/context/ApplicationEventPublisherAware done
Event: 2.338 loading class org/springframework/context/MessageSourceAware
Event: 2.338 loading class org/springframework/context/MessageSourceAware done
Event: 2.338 loading class com/fasterxml/jackson/databind/deser/UnresolvedForwardReference
Event: 2.338 loading class com/fasterxml/jackson/databind/deser/UnresolvedForwardReference done
Event: 2.338 loading class org/springframework/context/support/ApplicationListenerDetector
Event: 2.338 loading class org/springframework/context/support/ApplicationListenerDetector done
Event: 2.339 Executing VM operation: CollectForMetadataAllocation


Dynamic libraries:
0x00007ff614060000 - 0x00007ff61406f000 	C:\Program Files\Java\jdk-11.0.8\bin\javaw.exe
0x00007ffd365c0000 - 0x00007ffd367b0000 	C:\WINDOWS\SYSTEM32\ntdll.dll
0x00007ffd35c50000 - 0x00007ffd35d02000 	C:\WINDOWS\System32\KERNEL32.DLL
0x00007ffd33600000 - 0x00007ffd338a5000 	C:\WINDOWS\System32\KERNELBASE.dll
0x00007ffd339e0000 - 0x00007ffd33ada000 	C:\WINDOWS\System32\ucrtbase.dll
0x00007ffd25090000 - 0x00007ffd250a5000 	C:\Program Files\Java\jdk-11.0.8\bin\VCRUNTIME140.dll
0x00007ffd23490000 - 0x00007ffd234a8000 	C:\Program Files\Java\jdk-11.0.8\bin\jli.dll
0x00007ffd36470000 - 0x00007ffd36513000 	C:\WINDOWS\System32\ADVAPI32.dll
0x00007ffd34a10000 - 0x00007ffd34aae000 	C:\WINDOWS\System32\msvcrt.dll
0x00007ffd35990000 - 0x00007ffd35a27000 	C:\WINDOWS\System32\sechost.dll
0x00007ffd346d0000 - 0x00007ffd347ef000 	C:\WINDOWS\System32\RPCRT4.dll
0x00007ffd34b10000 - 0x00007ffd34ca4000 	C:\WINDOWS\System32\USER32.dll
0x00007ffd338b0000 - 0x00007ffd338d1000 	C:\WINDOWS\System32\win32u.dll
0x00007ffd34ee0000 - 0x00007ffd34f06000 	C:\WINDOWS\System32\GDI32.dll
0x00007ffd2c7e0000 - 0x00007ffd2ca64000 	C:\WINDOWS\WinSxS\amd64_microsoft.windows.common-controls_6595b64144ccf1df_6.0.18362.1556_none_9e7e372fe45e41d5\COMCTL32.dll
0x00007ffd33b70000 - 0x00007ffd33d08000 	C:\WINDOWS\System32\gdi32full.dll
0x00007ffd33530000 - 0x00007ffd335ce000 	C:\WINDOWS\System32\msvcp_win.dll
0x00007ffd354c0000 - 0x00007ffd357f6000 	C:\WINDOWS\System32\combase.dll
0x00007ffd33ae0000 - 0x00007ffd33b61000 	C:\WINDOWS\System32\bcryptPrimitives.dll
0x00007ffd29810000 - 0x00007ffd2981a000 	C:\WINDOWS\SYSTEM32\VERSION.dll
0x00007ffd35800000 - 0x00007ffd3582e000 	C:\WINDOWS\System32\IMM32.DLL
0x00007ffd13c10000 - 0x00007ffd13cab000 	C:\Program Files\Java\jdk-11.0.8\bin\msvcp140.dll
0x00007ffcfee10000 - 0x00007ffcff8f6000 	C:\Program Files\Java\jdk-11.0.8\bin\server\jvm.dll
0x00007ffd35c40000 - 0x00007ffd35c48000 	C:\WINDOWS\System32\PSAPI.DLL
0x00007ffd2dfc0000 - 0x00007ffd2dfc9000 	C:\WINDOWS\SYSTEM32\WSOCK32.dll
0x00007ffd2a250000 - 0x00007ffd2a274000 	C:\WINDOWS\SYSTEM32\WINMM.dll
0x00007ffd36400000 - 0x00007ffd3646f000 	C:\WINDOWS\System32\WS2_32.dll
0x00007ffd2a220000 - 0x00007ffd2a24d000 	C:\WINDOWS\SYSTEM32\WINMMBASE.dll
0x00007ffd33990000 - 0x00007ffd339da000 	C:\WINDOWS\System32\cfgmgr32.dll
0x00007ffd334f0000 - 0x00007ffd33501000 	C:\WINDOWS\System32\kernel.appcore.dll
0x00007ffd2f5e0000 - 0x00007ffd2f5f0000 	C:\Program Files\Java\jdk-11.0.8\bin\verify.dll
0x00007ffd2d5b0000 - 0x00007ffd2d7a4000 	C:\WINDOWS\SYSTEM32\DBGHELP.DLL
0x00007ffd2dbb0000 - 0x00007ffd2dbda000 	C:\WINDOWS\SYSTEM32\dbgcore.DLL
0x00007ffd21090000 - 0x00007ffd210b8000 	C:\Program Files\Java\jdk-11.0.8\bin\java.dll
0x00007ffd2df90000 - 0x00007ffd2df9a000 	C:\Program Files\Java\jdk-11.0.8\bin\jimage.dll
0x00007ffd22fd0000 - 0x00007ffd22fe6000 	C:\Program Files\Java\jdk-11.0.8\bin\zip.dll
0x00007ffd35d10000 - 0x00007ffd363f7000 	C:\WINDOWS\System32\SHELL32.dll
0x00007ffd34f10000 - 0x00007ffd34fb8000 	C:\WINDOWS\System32\shcore.dll
0x00007ffd33ef0000 - 0x00007ffd3466b000 	C:\WINDOWS\System32\windows.storage.dll
0x00007ffd33480000 - 0x00007ffd3349e000 	C:\WINDOWS\System32\profapi.dll
0x00007ffd334a0000 - 0x00007ffd334ea000 	C:\WINDOWS\System32\powrprof.dll
0x00007ffd33470000 - 0x00007ffd33480000 	C:\WINDOWS\System32\UMPDC.dll
0x00007ffd34670000 - 0x00007ffd346c2000 	C:\WINDOWS\System32\shlwapi.dll
0x00007ffd33ed0000 - 0x00007ffd33ee7000 	C:\WINDOWS\System32\cryptsp.dll
0x00007ffd22180000 - 0x00007ffd22199000 	C:\Program Files\Java\jdk-11.0.8\bin\net.dll
0x00007ffd2e9c0000 - 0x00007ffd2eaba000 	C:\WINDOWS\SYSTEM32\WINHTTP.dll
0x00007ffd32c50000 - 0x00007ffd32cb7000 	C:\WINDOWS\system32\mswsock.dll
0x00007ffd20d60000 - 0x00007ffd20d72000 	C:\Program Files\Java\jdk-11.0.8\bin\nio.dll
0x00007ffd24b90000 - 0x00007ffd24b99000 	C:\Program Files\Java\jdk-11.0.8\bin\management.dll
0x00007ffd22e80000 - 0x00007ffd22e8b000 	C:\Program Files\Java\jdk-11.0.8\bin\management_ext.dll
0x00007ffd2e130000 - 0x00007ffd2e146000 	C:\WINDOWS\system32\napinsp.dll
0x00007ffd233c0000 - 0x00007ffd233da000 	C:\WINDOWS\system32\pnrpnsp.dll
0x00007ffd2f610000 - 0x00007ffd2f625000 	C:\WINDOWS\system32\wshbth.dll
0x00007ffd2ee10000 - 0x00007ffd2ee2c000 	C:\WINDOWS\system32\NLAapi.dll
0x00007ffd32960000 - 0x00007ffd3299a000 	C:\WINDOWS\SYSTEM32\IPHLPAPI.DLL
0x00007ffd329a0000 - 0x00007ffd32a6b000 	C:\WINDOWS\SYSTEM32\DNSAPI.dll
0x00007ffd35830000 - 0x00007ffd35838000 	C:\WINDOWS\System32\NSI.dll
0x00007ffd2d300000 - 0x00007ffd2d30e000 	C:\WINDOWS\System32\winrnr.dll
0x00007ffd2c050000 - 0x00007ffd2c05a000 	C:\Windows\System32\rasadhlp.dll
0x00007ffd2daf0000 - 0x00007ffd2db67000 	C:\WINDOWS\System32\fwpuclnt.dll
0x00007ffd335d0000 - 0x00007ffd335f6000 	C:\WINDOWS\System32\bcrypt.dll
0x00007ffd327d0000 - 0x00007ffd32803000 	C:\WINDOWS\system32\rsaenh.dll
0x00007ffd33390000 - 0x00007ffd333b5000 	C:\WINDOWS\SYSTEM32\USERENV.dll
0x00007ffd32e20000 - 0x00007ffd32e2c000 	C:\WINDOWS\SYSTEM32\CRYPTBASE.dll
0x00007ffd2e2f0000 - 0x00007ffd2e306000 	C:\WINDOWS\SYSTEM32\dhcpcsvc6.DLL
0x00007ffd2e850000 - 0x00007ffd2e86c000 	C:\WINDOWS\SYSTEM32\dhcpcsvc.DLL

dbghelp: loaded successfully - version: 4.0.5 - missing functions: none
symbol engine: initialized successfully - sym options: 0x614 - pdb path: .;C:\Program Files\Java\jdk-11.0.8\bin;C:\WINDOWS\SYSTEM32;C:\WINDOWS\WinSxS\amd64_microsoft.windows.common-controls_6595b64144ccf1df_6.0.18362.1556_none_9e7e372fe45e41d5;C:\Program Files\Java\jdk-11.0.8\bin\server

VM Arguments:
jvm_args: -Dcom.sun.management.jmxremote -Dcom.sun.management.jmxremote.port=63074 -Dcom.sun.management.jmxremote.authenticate=false -Dcom.sun.management.jmxremote.ssl=false -Djava.rmi.server.hostname=localhost -Dspring.jmx.enabled=true -Dspring.application.admin.enabled=true -XX:TieredStopAtLevel=1 -Dspring.boot.project.name=project -Dfile.encoding=UTF-8 
java_command: com.ayrton.project.ProjectApplication
java_class_path (initial): C:\Users\ayrton\Documents\Desenvolvimento\project\target\classes;C:\Users\ayrton\.m2\repository\org\springframework\boot\spring-boot-starter-data-jpa\2.4.8\spring-boot-starter-data-jpa-2.4.8.jar;C:\Users\ayrton\.m2\repository\org\springframework\boot\spring-boot-starter-aop\2.4.8\spring-boot-starter-aop-2.4.8.jar;C:\Users\ayrton\.m2\repository\org\springframework\spring-aop\5.3.8\spring-aop-5.3.8.jar;C:\Users\ayrton\.m2\repository\org\aspectj\aspectjweaver\1.9.6\aspectjweaver-1.9.6.jar;C:\Users\ayrton\.m2\repository\org\springframework\boot\spring-boot-starter-jdbc\2.4.8\spring-boot-starter-jdbc-2.4.8.jar;C:\Users\ayrton\.m2\repository\com\zaxxer\HikariCP\3.4.5\HikariCP-3.4.5.jar;C:\Users\ayrton\.m2\repository\org\springframework\spring-jdbc\5.3.8\spring-jdbc-5.3.8.jar;C:\Users\ayrton\.m2\repository\jakarta\transaction\jakarta.transaction-api\1.3.3\jakarta.transaction-api-1.3.3.jar;C:\Users\ayrton\.m2\repository\jakarta\persistence\jakarta.persistence-api\2.2.3\jakarta.persistence-api-2.2.3.jar;C:\Users\ayrton\.m2\repository\org\hibernate\hibernate-core\5.4.32.Final\hibernate-core-5.4.32.Final.jar;C:\Users\ayrton\.m2\repository\org\jboss\logging\jboss-logging\3.4.2.Final\jboss-logging-3.4.2.Final.jar;C:\Users\ayrton\.m2\repository\org\javassist\javassist\3.27.0-GA\javassist-3.27.0-GA.jar;C:\Users\ayrton\.m2\repository\net\bytebuddy\byte-buddy\1.10.22\byte-buddy-1.10.22.jar;C:\Users\ayrton\.m2\repository\antlr\antlr\2.7.7\antlr-2.7.7.jar;C:\Users\ayrton\.m2\repository\org\jboss\jandex\2.2.3.Final\jandex-2.2.3.Final.jar;C:\Users\ayrton\.m2\repository\com\fasterxml\classmate\1.5.1\classmate-1.5.1.jar;C:\Users\ayrton\.m2\repository\org\dom4j\dom4j\2.1.3\dom4j-2.1.3.jar;C:\Users\ayrton\.m2\repository\org\hibernate\common\hibernate-commons-annotations\5.1.2.Final\hibernate-commons-annotations-5.1.2.Final.jar;C:\Users\ayrton\.m2\repository\org\glassfish\jaxb\jaxb-runtime\2.3.4\jaxb-runtime-2.3.4.jar;C:\Users\ayrton\.m2\repository\org\glassfish\
Launcher Type: SUN_STANDARD

[Global flags]
     intx CICompilerCount                          = 3                                         {product} {ergonomic}
     uint ConcGCThreads                            = 1                                         {product} {ergonomic}
     uint G1ConcRefinementThreads                  = 4                                         {product} {ergonomic}
   size_t G1HeapRegionSize                         = 1048576                                   {product} {ergonomic}
    uintx GCDrainStackTargetSize                   = 64                                        {product} {ergonomic}
   size_t InitialHeapSize                          = 134217728                                 {product} {ergonomic}
     bool ManagementServer                         = true                                      {product} {command line}
   size_t MarkStackSize                            = 4194304                                   {product} {ergonomic}
   size_t MaxHeapSize                              = 2116026368                                {product} {ergonomic}
   size_t MaxNewSize                               = 1268776960                                {product} {ergonomic}
   size_t MinHeapDeltaBytes                        = 1048576                                   {product} {ergonomic}
    uintx NonNMethodCodeHeapSize                   = 6973028                                {pd product} {ergonomic}
    uintx NonProfiledCodeHeapSize                  = 244685212                              {pd product} {ergonomic}
    uintx ProfiledCodeHeapSize                     = 0                                      {pd product} {ergonomic}
    uintx ReservedCodeCacheSize                    = 251658240                              {pd product} {ergonomic}
     bool SegmentedCodeCache                       = true                                      {product} {ergonomic}
     intx TieredStopAtLevel                        = 1                                         {product} {command line}
     bool UseCompressedClassPointers               = true                                 {lp64_product} {ergonomic}
     bool UseCompressedOops                        = true                                 {lp64_product} {ergonomic}
     bool UseG1GC                                  = true                                      {product} {ergonomic}
     bool UseLargePagesIndividualAllocation        = false                                  {pd product} {ergonomic}

Logging:
Log output configuration:
 #0: stdout all=warning uptime,level,tags
 #1: stderr all=off uptime,level,tags

Environment Variables:
JAVA_HOME=C:\Program Files\Java\jdk-11.0.8
PATH=C:\Program Files\Common Files\Oracle\Java\javapath;C:\Python38\Scripts\;C:\Python38\;C:\Program Files (x86)\Common Files\Oracle\Java\javapath;C:\WINDOWS\system32;C:\WINDOWS;C:\WINDOWS\System32\Wbem;C:\WINDOWS\System32\WindowsPowerShell\v1.0\;C:\WINDOWS\System32\OpenSSH\;C:\Program Files\Git\cmd;C:\ProgramData\chocolatey\bin;C:\Program Files\MongoDB\Server\4.4\bin;C:\Program Files\nodejs\;C:\Program Files\MySQL\MySQL Shell 8.0\bin\;C:\Users\ayrton\AppData\Local\Microsoft\WindowsApps;C:\Users\ayrton\AppData\Local\Programs\Microsoft VS Code\bin;C:\Program Files\heroku\bin;C:\Users\ayrton\AppData\Roaming\npm;C:\Program Files\JetBrains\IntelliJ IDEA Community Edition 2020.2.1\bin;
USERNAME=ayrton
OS=Windows_NT
PROCESSOR_IDENTIFIER=Intel64 Family 6 Model 58 Stepping 9, GenuineIntel



---------------  S Y S T E M  ---------------

OS: Windows 10 , 64 bit Build 18362 (10.0.18362.1500)

CPU:total 4 (initial active 4) (2 cores per cpu, 2 threads per core) family 6 model 58 stepping 9, cmov, cx8, fxsr, mmx, sse, sse2, sse3, ssse3, sse4.1, sse4.2, popcnt, avx, clmul, erms, ht, tsc, tscinvbit, tscinv

Memory: 4k page, system-wide physical 8065M (471M free)
TotalPageFile size 8065M (AvailPageFile size 5M)
current process WorkingSet (physical memory assigned to process): 136M, peak: 136M
current process commit charge ("private bytes"): 255M, peak: 256M

vm_info: Java HotSpot(TM) 64-Bit Server VM (11.0.8+10-LTS) for windows-amd64 JRE (11.0.8+10-LTS), built on Jun 16 2020 05:53:08 by "mach5one" with unknown MS VC++:1916

END.
